<?xml version="1.0" encoding="UTF-8" ?>
<testsuite tests="7" failures="0" name="runners.TestRunner" time="0.008" errors="0" skipped="0">
  <properties>
[...]
</properties>
  <testcase classname="Scenario: Customer place an oder by purchasing an item from search" name="Given User is on the home page" time="0.007"/>
  <testcase classname="Scenario: Customer place an oder by purchasing an item from search" name="When he search for dress by clicking the search button" time="0"/>
  <testcase classname="Scenario: Customer place an oder by purchasing an item from search" name="And choose the first item among the displayed results" time="0"/>
  <testcase classname="Scenario: Customer place an oder by purchasing an item from search" name="And moves to checkout from mini cart icon at top right corner" time="0"/>
  <testcase classname="Scenario: Customer place an oder by purchasing an item from search" name="And enter the personal details on checkout page" time="0"/>
  <testcase classname="Scenario: Customer place an oder by purchasing an item from search" name="And place the order" time="0"/>
  <testcase classname="Scenario: Customer place an oder by purchasing an item from search" name="Scenario: Customer place an oder by purchasing an item from search" time="0.001"/>
</testsuite>